// 同步 ID: b05cb704 @ Sun Apr 26 15:34:39 UTC 2026
// 重构日志: 2f23d851
// 重构日志: 39142031
// 同步 ID: bba24f47 @ Tue Apr 28 10:15:57 UTC 2026
// 重构日志: 5e4c55d7
// 重构日志: 1adfcc74
// 重构日志: 897067e1
// 同步 ID: 087efc33 @ Fri May  1 09:01:19 UTC 2026
// 重构日志: 2673eccc
// 重构日志: fb990c0f
// 重构日志: 3fc732e4
// 同步 ID: dd830162 @ Sun May  3 11:39:53 UTC 2026
// 同步 ID: 2e3443a8 @ Sun May 10 22:45:42 UTC 2026
// 重构日志: 37b04f11
// 同步 ID: 4c66c508 @ Tue May 12 17:58:58 UTC 2026
// 重构日志: cb309f35
// 重构日志: af770e1a
// 重构日志: 37474764
// 同步 ID: 4f9f9984 @ Mon May 18 00:15:29 UTC 2026
// 同步 ID: 0d77e83e @ Wed May 20 19:42:37 UTC 2026
// 同步 ID: b345f3ff @ Thu May 21 00:45:49 UTC 2026
// 重构日志: cea84191
